
 /----------------------------------------------------------------------------\
 |  yosys -- Yosys Open SYnthesis Suite                                       |
 |  Copyright (C) 2012 - 2026  Claire Xenia Wolf <claire@yosyshq.com>         |
 |  Distributed under an ISC-like license, type "license" to see terms        |
 \----------------------------------------------------------------------------/
 Yosys 0.65 (git sha1 aec814bdf3071f7e0fd0fbe43f7f711e99d01e24, clang++ 21.0.0 -fPIC -O3)

-- Running command `read_verilog experiments/hardware/suds_control_plane.v; synth -top suds_control_plane; stat; write_verilog -noattr experiments/results/runs/suds_rtl_control_overhead_20260512_j2_quality_boost/suds_control_plane_synth.v; write_json experiments/results/runs/suds_rtl_control_overhead_20260512_j2_quality_boost/suds_control_plane_synth.json' --

1. Executing Verilog-2005 frontend: experiments/hardware/suds_control_plane.v
Parsing Verilog input from `experiments/hardware/suds_control_plane.v' to AST representation.
Generating RTLIL representation for module `\suds_control_plane'.
Successfully finished Verilog frontend.

2. Executing SYNTH pass.

2.1. Executing HIERARCHY pass (managing design hierarchy).

2.1.1. Analyzing design hierarchy..
Top module:  \suds_control_plane

2.1.2. Analyzing design hierarchy..
Top module:  \suds_control_plane
Removed 0 unused modules.

2.2. Executing PROC pass (convert processes to netlists).

2.2.1. Executing PROC_CLEAN pass (remove empty switches from decision trees).
Cleaned up 0 empty switches.

2.2.2. Executing PROC_RMDEAD pass (remove dead branches from decision trees).
Marked 1 switch rules as full_case in process $proc$experiments/hardware/suds_control_plane.v:37$4 in module suds_control_plane.
Marked 2 switch rules as full_case in process $proc$experiments/hardware/suds_control_plane.v:27$1 in module suds_control_plane.
Removed a total of 0 dead cases.

2.2.3. Executing PROC_PRUNE pass (remove redundant assignments in processes).
Removed 3 redundant assignments.
Promoted 1 assignment to connection.

2.2.4. Executing PROC_INIT pass (extract init attributes).

2.2.5. Executing PROC_ARST pass (detect async resets in processes).
Found async reset \rst_n in `\suds_control_plane.$proc$experiments/hardware/suds_control_plane.v:37$4'.

2.2.6. Executing PROC_ROM pass (convert switches to ROMs).
Converted 0 switches.
<suppressed ~3 debug messages>

2.2.7. Executing PROC_MUX pass (convert decision trees to multiplexers).
Creating decoders for process `\suds_control_plane.$proc$experiments/hardware/suds_control_plane.v:37$4'.
     1/4: $0\valid_o[0:0]
     2/4: $0\tau_high_q[11:0]
     3/4: $0\tau_low_q[11:0]
     4/4: $0\tier_o[1:0]
Creating decoders for process `\suds_control_plane.$proc$experiments/hardware/suds_control_plane.v:27$1'.
     1/2: $2\tier_next[1:0]
     2/2: $1\tier_next[1:0]

2.2.8. Executing PROC_DLATCH pass (convert process syncs to latches).
No latch inferred for signal `\suds_control_plane.\tier_next' from process `\suds_control_plane.$proc$experiments/hardware/suds_control_plane.v:27$1'.

2.2.9. Executing PROC_DFF pass (convert process syncs to FFs).
Creating register for signal `\suds_control_plane.\valid_o' using process `\suds_control_plane.$proc$experiments/hardware/suds_control_plane.v:37$4'.
  created $adff cell `$procdff$21' with positive edge clock and positive level reset.
Creating register for signal `\suds_control_plane.\tier_o' using process `\suds_control_plane.$proc$experiments/hardware/suds_control_plane.v:37$4'.
  created $adff cell `$procdff$26' with positive edge clock and positive level reset.
Creating register for signal `\suds_control_plane.\tau_low_q' using process `\suds_control_plane.$proc$experiments/hardware/suds_control_plane.v:37$4'.
  created $adff cell `$procdff$31' with positive edge clock and positive level reset.
Creating register for signal `\suds_control_plane.\tau_high_q' using process `\suds_control_plane.$proc$experiments/hardware/suds_control_plane.v:37$4'.
  created $adff cell `$procdff$36' with positive edge clock and positive level reset.

2.2.10. Executing PROC_MEMWR pass (convert process memory writes to cells).

2.2.11. Executing PROC_CLEAN pass (remove empty switches from decision trees).
Found and cleaned up 1 empty switch in `\suds_control_plane.$proc$experiments/hardware/suds_control_plane.v:37$4'.
Removing empty process `suds_control_plane.$proc$experiments/hardware/suds_control_plane.v:37$4'.
Found and cleaned up 2 empty switches in `\suds_control_plane.$proc$experiments/hardware/suds_control_plane.v:27$1'.
Removing empty process `suds_control_plane.$proc$experiments/hardware/suds_control_plane.v:27$1'.
Cleaned up 3 empty switches.

2.2.12. Executing OPT_EXPR pass (perform const folding).
Optimizing module suds_control_plane.
<suppressed ~8 debug messages>

2.3. Executing OPT_EXPR pass (perform const folding).
Optimizing module suds_control_plane.

2.4. Executing OPT_CLEAN pass (remove unused cells and wires).
Finding unused cells or wires in module \suds_control_plane..
Removed 5 unused cells and 21 unused wires.
<suppressed ~6 debug messages>

2.5. Executing CHECK pass (checking for obvious problems).
Checking module suds_control_plane...
Found and reported 0 problems.

2.6. Executing OPT pass (performing simple optimizations).

2.6.1. Executing OPT_EXPR pass (perform const folding).
Optimizing module suds_control_plane.

2.6.2. Executing OPT_MERGE pass (detect identical cells).
Finding identical cells in module `\suds_control_plane'.
Computing hashes of 10 cells of `\suds_control_plane'.
Finding duplicate cells in `\suds_control_plane'.
Removed a total of 0 cells.

2.6.3. Executing OPT_MUXTREE pass (detect dead branches in mux trees).
Running muxtree optimizer on module \suds_control_plane..
  Creating internal representation of mux trees.
  Evaluating internal representation of mux trees.
  Analyzing evaluation results.
    dead port 1/2 on $mux $procmux$12.
Removed 1 multiplexer ports.
<suppressed ~5 debug messages>

2.6.4. Executing OPT_REDUCE pass (consolidate $*mux and $reduce_* inputs).
  Optimizing cells in module \suds_control_plane.
Performed a total of 0 changes.

2.6.5. Executing OPT_MERGE pass (detect identical cells).
Finding identical cells in module `\suds_control_plane'.
Computing hashes of 9 cells of `\suds_control_plane'.
Finding duplicate cells in `\suds_control_plane'.
Removed a total of 0 cells.

2.6.6. Executing OPT_DFF pass (perform DFF optimizations).

2.6.7. Executing OPT_CLEAN pass (remove unused cells and wires).
Finding unused cells or wires in module \suds_control_plane..
Removed 0 unused cells and 1 unused wires.
<suppressed ~1 debug messages>

2.6.8. Executing OPT_EXPR pass (perform const folding).
Optimizing module suds_control_plane.

2.6.9. Rerunning OPT passes. (Maybe there is more to do..)

2.6.10. Executing OPT_MUXTREE pass (detect dead branches in mux trees).
Running muxtree optimizer on module \suds_control_plane..
  Creating internal representation of mux trees.
  Evaluating internal representation of mux trees.
  Analyzing evaluation results.
Removed 0 multiplexer ports.
<suppressed ~4 debug messages>

2.6.11. Executing OPT_REDUCE pass (consolidate $*mux and $reduce_* inputs).
  Optimizing cells in module \suds_control_plane.
Performed a total of 0 changes.

2.6.12. Executing OPT_MERGE pass (detect identical cells).
Finding identical cells in module `\suds_control_plane'.
Computing hashes of 9 cells of `\suds_control_plane'.
Finding duplicate cells in `\suds_control_plane'.
Removed a total of 0 cells.

2.6.13. Executing OPT_DFF pass (perform DFF optimizations).

2.6.14. Executing OPT_CLEAN pass (remove unused cells and wires).
Finding unused cells or wires in module \suds_control_plane..

2.6.15. Executing OPT_EXPR pass (perform const folding).
Optimizing module suds_control_plane.

2.6.16. Finished fast OPT passes. (There is nothing left to do.)

2.7. Executing FSM pass (extract and optimize FSM).

2.7.1. Executing FSM_DETECT pass (finding FSMs in design).
Not marking suds_control_plane.tier_o as FSM state register:
    Register is connected to module port.
    Users of register don't seem to benefit from recoding.

2.7.2. Executing FSM_EXTRACT pass (extracting FSM from design).

2.7.3. Executing FSM_OPT pass (simple optimizations of FSMs).

2.7.4. Executing OPT_CLEAN pass (remove unused cells and wires).
Finding unused cells or wires in module \suds_control_plane..

2.7.5. Executing FSM_OPT pass (simple optimizations of FSMs).

2.7.6. Executing FSM_RECODE pass (re-assigning FSM state encoding).

2.7.7. Executing FSM_INFO pass (dumping all available information on FSM cells).

2.7.8. Executing FSM_MAP pass (mapping FSMs to basic logic).

2.8. Executing OPT pass (performing simple optimizations).

2.8.1. Executing OPT_EXPR pass (perform const folding).
Optimizing module suds_control_plane.

2.8.2. Executing OPT_MERGE pass (detect identical cells).
Finding identical cells in module `\suds_control_plane'.
Computing hashes of 9 cells of `\suds_control_plane'.
Finding duplicate cells in `\suds_control_plane'.
Removed a total of 0 cells.

2.8.3. Executing OPT_MUXTREE pass (detect dead branches in mux trees).
Running muxtree optimizer on module \suds_control_plane..
  Creating internal representation of mux trees.
  Evaluating internal representation of mux trees.
  Analyzing evaluation results.
Removed 0 multiplexer ports.
<suppressed ~4 debug messages>

2.8.4. Executing OPT_REDUCE pass (consolidate $*mux and $reduce_* inputs).
  Optimizing cells in module \suds_control_plane.
Performed a total of 0 changes.

2.8.5. Executing OPT_MERGE pass (detect identical cells).
Finding identical cells in module `\suds_control_plane'.
Computing hashes of 9 cells of `\suds_control_plane'.
Finding duplicate cells in `\suds_control_plane'.
Removed a total of 0 cells.

2.8.6. Executing OPT_DFF pass (perform DFF optimizations).
Adding EN signal on $procdff$26 ($adff) from module suds_control_plane (D = \tier_next, Q = \tier_o).

2.8.7. Executing OPT_CLEAN pass (remove unused cells and wires).
Finding unused cells or wires in module \suds_control_plane..
Removed 1 unused cells and 1 unused wires.
<suppressed ~2 debug messages>

2.8.8. Executing OPT_EXPR pass (perform const folding).
Optimizing module suds_control_plane.

2.8.9. Rerunning OPT passes. (Maybe there is more to do..)

2.8.10. Executing OPT_MUXTREE pass (detect dead branches in mux trees).
Running muxtree optimizer on module \suds_control_plane..
  Creating internal representation of mux trees.
  Evaluating internal representation of mux trees.
  Analyzing evaluation results.
Removed 0 multiplexer ports.
<suppressed ~3 debug messages>

2.8.11. Executing OPT_REDUCE pass (consolidate $*mux and $reduce_* inputs).
  Optimizing cells in module \suds_control_plane.
Performed a total of 0 changes.

2.8.12. Executing OPT_MERGE pass (detect identical cells).
Finding identical cells in module `\suds_control_plane'.
Computing hashes of 8 cells of `\suds_control_plane'.
Finding duplicate cells in `\suds_control_plane'.
Removed a total of 0 cells.

2.8.13. Executing OPT_DFF pass (perform DFF optimizations).

2.8.14. Executing OPT_CLEAN pass (remove unused cells and wires).
Finding unused cells or wires in module \suds_control_plane..

2.8.15. Executing OPT_EXPR pass (perform const folding).
Optimizing module suds_control_plane.

2.8.16. Finished fast OPT passes. (There is nothing left to do.)

2.9. Executing WREDUCE pass (reducing word size of cells).

2.10. Executing PEEPOPT pass (run peephole optimizers).

2.11. Executing OPT_CLEAN pass (remove unused cells and wires).
Finding unused cells or wires in module \suds_control_plane..

2.12. Executing ALUMACC pass (create $alu and $macc cells).
Extracting $alu and $macc cells in module suds_control_plane:
  creating $alu model for $le$experiments/hardware/suds_control_plane.v:30$3 ($le): new $alu
  creating $alu model for $le$experiments/hardware/suds_control_plane.v:28$2 ($le): new $alu
  creating $alu cell for $le$experiments/hardware/suds_control_plane.v:28$2: $auto$alumacc.cc:512:replace_alu$40
  creating $alu cell for $le$experiments/hardware/suds_control_plane.v:30$3: $auto$alumacc.cc:512:replace_alu$49
  created 2 $alu and 0 $macc cells.

2.13. Executing SHARE pass (SAT-based resource sharing).

2.14. Executing OPT pass (performing simple optimizations).

2.14.1. Executing OPT_EXPR pass (perform const folding).
Optimizing module suds_control_plane.

2.14.2. Executing OPT_MERGE pass (detect identical cells).
Finding identical cells in module `\suds_control_plane'.
Computing hashes of 14 cells of `\suds_control_plane'.
Finding duplicate cells in `\suds_control_plane'.
Removed a total of 0 cells.

2.14.3. Executing OPT_MUXTREE pass (detect dead branches in mux trees).
Running muxtree optimizer on module \suds_control_plane..
  Creating internal representation of mux trees.
  Evaluating internal representation of mux trees.
  Analyzing evaluation results.
Removed 0 multiplexer ports.
<suppressed ~3 debug messages>

2.14.4. Executing OPT_REDUCE pass (consolidate $*mux and $reduce_* inputs).
  Optimizing cells in module \suds_control_plane.
Performed a total of 0 changes.

2.14.5. Executing OPT_MERGE pass (detect identical cells).
Finding identical cells in module `\suds_control_plane'.
Computing hashes of 14 cells of `\suds_control_plane'.
Finding duplicate cells in `\suds_control_plane'.
Removed a total of 0 cells.

2.14.6. Executing OPT_DFF pass (perform DFF optimizations).

2.14.7. Executing OPT_CLEAN pass (remove unused cells and wires).
Finding unused cells or wires in module \suds_control_plane..
Removed 0 unused cells and 2 unused wires.
<suppressed ~1 debug messages>

2.14.8. Executing OPT_EXPR pass (perform const folding).
Optimizing module suds_control_plane.

2.14.9. Rerunning OPT passes. (Maybe there is more to do..)

2.14.10. Executing OPT_MUXTREE pass (detect dead branches in mux trees).
Running muxtree optimizer on module \suds_control_plane..
  Creating internal representation of mux trees.
  Evaluating internal representation of mux trees.
  Analyzing evaluation results.
Removed 0 multiplexer ports.
<suppressed ~3 debug messages>

2.14.11. Executing OPT_REDUCE pass (consolidate $*mux and $reduce_* inputs).
  Optimizing cells in module \suds_control_plane.
Performed a total of 0 changes.

2.14.12. Executing OPT_MERGE pass (detect identical cells).
Finding identical cells in module `\suds_control_plane'.
Computing hashes of 14 cells of `\suds_control_plane'.
Finding duplicate cells in `\suds_control_plane'.
Removed a total of 0 cells.

2.14.13. Executing OPT_DFF pass (perform DFF optimizations).

2.14.14. Executing OPT_CLEAN pass (remove unused cells and wires).
Finding unused cells or wires in module \suds_control_plane..

2.14.15. Executing OPT_EXPR pass (perform const folding).
Optimizing module suds_control_plane.

2.14.16. Finished fast OPT passes. (There is nothing left to do.)

2.15. Executing MEMORY pass.

2.15.1. Executing OPT_MEM pass (optimize memories).
Performed a total of 0 transformations.

2.15.2. Executing OPT_MEM_PRIORITY pass (removing unnecessary memory write priority relations).
Performed a total of 0 transformations.

2.15.3. Executing OPT_MEM_FEEDBACK pass (finding memory read-to-write feedback paths).

2.15.4. Executing MEMORY_BMUX2ROM pass (converting muxes to ROMs).

2.15.5. Executing MEMORY_DFF pass (merging $dff cells to $memrd).

2.15.6. Executing OPT_CLEAN pass (remove unused cells and wires).
Finding unused cells or wires in module \suds_control_plane..

2.15.7. Executing MEMORY_SHARE pass (consolidating $memrd/$memwr cells).

2.15.8. Executing OPT_MEM_WIDEN pass (optimize memories where all ports are wide).
Performed a total of 0 transformations.

2.15.9. Executing OPT_CLEAN pass (remove unused cells and wires).
Finding unused cells or wires in module \suds_control_plane..

2.15.10. Executing MEMORY_COLLECT pass (generating $mem cells).

2.16. Executing OPT_CLEAN pass (remove unused cells and wires).
Finding unused cells or wires in module \suds_control_plane..

2.17. Executing OPT pass (performing simple optimizations).

2.17.1. Executing OPT_EXPR pass (perform const folding).
Optimizing module suds_control_plane.

2.17.2. Executing OPT_MERGE pass (detect identical cells).
Finding identical cells in module `\suds_control_plane'.
Computing hashes of 14 cells of `\suds_control_plane'.
Finding duplicate cells in `\suds_control_plane'.
Removed a total of 0 cells.

2.17.3. Executing OPT_DFF pass (perform DFF optimizations).

2.17.4. Executing OPT_CLEAN pass (remove unused cells and wires).
Finding unused cells or wires in module \suds_control_plane..

2.17.5. Finished fast OPT passes.

2.18. Executing MEMORY_MAP pass (converting memories to logic and flip-flops).

2.19. Executing OPT pass (performing simple optimizations).

2.19.1. Executing OPT_EXPR pass (perform const folding).
Optimizing module suds_control_plane.

2.19.2. Executing OPT_MERGE pass (detect identical cells).
Finding identical cells in module `\suds_control_plane'.
Computing hashes of 14 cells of `\suds_control_plane'.
Finding duplicate cells in `\suds_control_plane'.
Removed a total of 0 cells.

2.19.3. Executing OPT_MUXTREE pass (detect dead branches in mux trees).
Running muxtree optimizer on module \suds_control_plane..
  Creating internal representation of mux trees.
  Evaluating internal representation of mux trees.
  Analyzing evaluation results.
Removed 0 multiplexer ports.
<suppressed ~3 debug messages>

2.19.4. Executing OPT_REDUCE pass (consolidate $*mux and $reduce_* inputs).
  Optimizing cells in module \suds_control_plane.
Performed a total of 0 changes.

2.19.5. Executing OPT_MERGE pass (detect identical cells).
Finding identical cells in module `\suds_control_plane'.
Computing hashes of 14 cells of `\suds_control_plane'.
Finding duplicate cells in `\suds_control_plane'.
Removed a total of 0 cells.

2.19.6. Executing OPT_SHARE pass.

2.19.7. Executing OPT_DFF pass (perform DFF optimizations).

2.19.8. Executing OPT_CLEAN pass (remove unused cells and wires).
Finding unused cells or wires in module \suds_control_plane..

2.19.9. Executing OPT_EXPR pass (perform const folding).
Optimizing module suds_control_plane.

2.19.10. Finished fast OPT passes. (There is nothing left to do.)

2.20. Executing TECHMAP pass (map to technology primitives).

2.20.1. Executing Verilog-2005 frontend: /opt/homebrew/bin/../share/yosys/techmap.v
Parsing Verilog input from `/opt/homebrew/bin/../share/yosys/techmap.v' to AST representation.
Generating RTLIL representation for module `\_90_simplemap_bool_ops'.
Generating RTLIL representation for module `\_90_simplemap_reduce_ops'.
Generating RTLIL representation for module `\_90_simplemap_logic_ops'.
Generating RTLIL representation for module `\_90_simplemap_compare_ops'.
Generating RTLIL representation for module `\_90_simplemap_various'.
Generating RTLIL representation for module `\_90_simplemap_registers'.
Generating RTLIL representation for module `\_90_shift_ops_shr_shl_sshl_sshr'.
Generating RTLIL representation for module `\_90_shift_shiftx'.
Generating RTLIL representation for module `\_90_fa'.
Generating RTLIL representation for module `\_90_lcu_brent_kung'.
Generating RTLIL representation for module `\_90_alu'.
Generating RTLIL representation for module `\_90_macc'.
Generating RTLIL representation for module `\_90_alumacc'.
Generating RTLIL representation for module `$__div_mod_u'.
Generating RTLIL representation for module `$__div_mod_trunc'.
Generating RTLIL representation for module `\_90_div'.
Generating RTLIL representation for module `\_90_mod'.
Generating RTLIL representation for module `$__div_mod_floor'.
Generating RTLIL representation for module `\_90_divfloor'.
Generating RTLIL representation for module `\_90_modfloor'.
Generating RTLIL representation for module `\_90_pow'.
Generating RTLIL representation for module `\_90_demux'.
Generating RTLIL representation for module `\_90_lut'.
Generating RTLIL representation for module `$connect'.
Generating RTLIL representation for module `$input_port'.
Successfully finished Verilog frontend.

2.20.2. Continuing TECHMAP pass.
Using extmapper simplemap for cells of type $reduce_or.
Using extmapper simplemap for cells of type $reduce_and.
Using extmapper simplemap for cells of type $not.
Using template $paramod$ee3d784672cdb1cb32d9a801a3af776716f16b74\_90_alu for cells of type $alu.
Using extmapper simplemap for cells of type $adffe.
Using extmapper simplemap for cells of type $mux.
Using extmapper simplemap for cells of type $adff.
Using extmapper simplemap for cells of type $xor.
Using template $paramod\_90_fa\WIDTH=32'00000000000000000000000000001100 for cells of type $fa.
Using template $paramod\_90_lcu_brent_kung\WIDTH=32'00000000000000000000000000001100 for cells of type $lcu.
Using extmapper simplemap for cells of type $pos.
Using extmapper simplemap for cells of type $or.
Using extmapper simplemap for cells of type $and.
No more expansions possible.
<suppressed ~354 debug messages>

2.21. Executing OPT pass (performing simple optimizations).

2.21.1. Executing OPT_EXPR pass (perform const folding).
Optimizing module suds_control_plane.
<suppressed ~103 debug messages>

2.21.2. Executing OPT_MERGE pass (detect identical cells).
Finding identical cells in module `\suds_control_plane'.
Computing hashes of 240 cells of `\suds_control_plane'.
Finding duplicate cells in `\suds_control_plane'.
Computing hashes of 230 cells of `\suds_control_plane'.
Finding duplicate cells in `\suds_control_plane'.
Computing hashes of 226 cells of `\suds_control_plane'.
Finding duplicate cells in `\suds_control_plane'.
<suppressed ~42 debug messages>
Removed a total of 14 cells.

2.21.3. Executing OPT_DFF pass (perform DFF optimizations).

2.21.4. Executing OPT_CLEAN pass (remove unused cells and wires).
Finding unused cells or wires in module \suds_control_plane..
Removed 52 unused cells and 113 unused wires.
<suppressed ~53 debug messages>

2.21.5. Finished fast OPT passes.

2.22. Executing ABC pass (technology mapping using ABC).

2.22.1. Extracting gate netlist of module `\suds_control_plane' to `<abc-temp-dir>/input.blif'..

2.22.1.1. Executed ABC.
Extracted 147 gates and 184 wires to a netlist network with 36 inputs and 2 outputs.
Running ABC script: <abc-temp-dir>/abc.script
ABC: ======== ABC command line "source <abc-temp-dir>/abc.script"
ABC: + read_blif <abc-temp-dir>/input.blif 
ABC: + read_library <abc-temp-dir>/stdcells.genlib 
ABC: + strash 
ABC: + &get -n 
ABC: + &fraig -x 
ABC: + &put 
ABC: + scorr 
ABC: Warning: The network is combinational (run "fraig" or "fraig_sweep").
ABC: + dc2 
ABC: + dretime 
ABC: + strash 
ABC: + &get -n 
ABC: + &dch -f 
ABC: + &nf 
ABC: + &put 
ABC: + write_blif <abc-temp-dir>/output.blif 

2.22.1.2. Re-integrating ABC results.
ABC RESULTS:               AND cells:       41
ABC RESULTS:            ANDNOT cells:        7
ABC RESULTS:              NAND cells:       31
ABC RESULTS:               NOR cells:        3
ABC RESULTS:             ORNOT cells:       41
ABC RESULTS:              XNOR cells:        5
ABC RESULTS:        internal signals:      146
ABC RESULTS:           input signals:       36
ABC RESULTS:          output signals:        2
Removing temp directory.
Removing global temp directory.

2.23. Executing OPT pass (performing simple optimizations).

2.23.1. Executing OPT_EXPR pass (perform const folding).
Optimizing module suds_control_plane.

2.23.2. Executing OPT_MERGE pass (detect identical cells).
Finding identical cells in module `\suds_control_plane'.
Computing hashes of 155 cells of `\suds_control_plane'.
Finding duplicate cells in `\suds_control_plane'.
Removed a total of 0 cells.

2.23.3. Executing OPT_DFF pass (perform DFF optimizations).

2.23.4. Executing OPT_CLEAN pass (remove unused cells and wires).
Finding unused cells or wires in module \suds_control_plane..
Removed 0 unused cells and 94 unused wires.
<suppressed ~1 debug messages>

2.23.5. Finished fast OPT passes.

2.24. Executing HIERARCHY pass (managing design hierarchy).
Attribute `top' found on module `suds_control_plane'. Setting top module to suds_control_plane.

2.24.1. Analyzing design hierarchy..
Top module:  \suds_control_plane

2.24.2. Analyzing design hierarchy..
Top module:  \suds_control_plane
Removed 0 unused modules.

2.25. Printing statistics.

=== suds_control_plane ===

        +----------Local Count, excluding submodules.
        | 
      137 wires
      194 wire bits
       11 public wires
       68 public wire bits
        8 ports
       42 port bits
      155 cells
        7   $_ANDNOT_
       41   $_AND_
        2   $_DFFE_PN0P_
       25   $_DFF_PN0_
       31   $_NAND_
        3   $_NOR_
       41   $_ORNOT_
        5   $_XNOR_

2.26. Executing CHECK pass (checking for obvious problems).
Checking module suds_control_plane...
Found and reported 0 problems.

3. Printing statistics.

=== suds_control_plane ===

        +----------Local Count, excluding submodules.
        | 
      137 wires
      194 wire bits
       11 public wires
       68 public wire bits
        8 ports
       42 port bits
      155 cells
        7   $_ANDNOT_
       41   $_AND_
        2   $_DFFE_PN0P_
       25   $_DFF_PN0_
       31   $_NAND_
        3   $_NOR_
       41   $_ORNOT_
        5   $_XNOR_

4. Executing Verilog backend.

4.1. Executing BMUXMAP pass.

4.2. Executing DEMUXMAP pass.
Dumping module `\suds_control_plane'.

5. Executing JSON backend.

End of script. Logfile hash: bd7ee42079, time: 0.07s, user: 0.02s, system: 0.00s, MEM: 19.64 MB peak
Yosys 0.65 (git sha1 aec814bdf3071f7e0fd0fbe43f7f711e99d01e24, clang++ 21.0.0 -fPIC -O3)
Time spent: 67% 1x abc (0 sec), 7% 3x read_verilog (0 sec), ...

