
 /----------------------------------------------------------------------------\
 |  yosys -- Yosys Open SYnthesis Suite                                       |
 |  Copyright (C) 2012 - 2026  Claire Xenia Wolf <claire@yosyshq.com>         |
 |  Distributed under an ISC-like license, type "license" to see terms        |
 \----------------------------------------------------------------------------/
 Yosys 0.65 (git sha1 aec814bdf3071f7e0fd0fbe43f7f711e99d01e24, clang++ 21.0.0 -fPIC -O3)

-- Running command `read_verilog experiments/hardware/suds_control_plane.v; synth -top suds_control_plane; stat; write_verilog -noattr experiments/results/runs/suds_tetc_rtl_control_plane_20260513_tetc_pivot/suds_control_plane_synth.v; write_json experiments/results/runs/suds_tetc_rtl_control_plane_20260513_tetc_pivot/suds_control_plane_synth.json' --

1. Executing Verilog-2005 frontend: experiments/hardware/suds_control_plane.v
Parsing Verilog input from `experiments/hardware/suds_control_plane.v' to AST representation.
Generating RTLIL representation for module `\suds_control_plane'.
Successfully finished Verilog frontend.

2. Executing SYNTH pass.

2.1. Executing HIERARCHY pass (managing design hierarchy).

2.1.1. Analyzing design hierarchy..
Top module:  \suds_control_plane

2.1.2. Analyzing design hierarchy..
Top module:  \suds_control_plane
Removed 0 unused modules.

2.2. Executing PROC pass (convert processes to netlists).

2.2.1. Executing PROC_CLEAN pass (remove empty switches from decision trees).
Cleaned up 0 empty switches.

2.2.2. Executing PROC_RMDEAD pass (remove dead branches from decision trees).
Marked 5 switch rules as full_case in process $proc$experiments/hardware/suds_control_plane.v:102$16 in module suds_control_plane.
Marked 3 switch rules as full_case in process $proc$experiments/hardware/suds_control_plane.v:77$7 in module suds_control_plane.
Removed a total of 0 dead cases.

2.2.3. Executing PROC_PRUNE pass (remove redundant assignments in processes).
Removed 0 redundant assignments.
Promoted 8 assignments to connections.

2.2.4. Executing PROC_INIT pass (extract init attributes).

2.2.5. Executing PROC_ARST pass (detect async resets in processes).
Found async reset \rst_n in `\suds_control_plane.$proc$experiments/hardware/suds_control_plane.v:102$16'.

2.2.6. Executing PROC_ROM pass (convert switches to ROMs).
Converted 0 switches.
<suppressed ~13 debug messages>

2.2.7. Executing PROC_MUX pass (convert decision trees to multiplexers).
Creating decoders for process `\suds_control_plane.$proc$experiments/hardware/suds_control_plane.v:102$16'.
     1/18: $0\selector_score_q[7:0]
     2/18: $0\queue_depth_q[5:0]
     3/18: $0\deadline_delta_q[11:0]
     4/18: $0\slack_q[11:0]
     5/18: $0\kernel_id_q[7:0]
     6/18: $0\score_guard_q[7:0]
     7/18: $0\queue_limit_q[5:0]
     8/18: $0\sideband_group_q[7:0]
     9/18: $0\prune_budget_q[15:0]
    10/18: $0\degrade_budget_q[15:0]
    11/18: $0\keep_budget_q[15:0]
    12/18: $0\tau_high_q[11:0]
    13/18: $0\tau_low_q[11:0]
    14/18: $0\state_o[1:0]
    15/18: $0\overflow_o[0:0]
    16/18: $0\tile_cmd_o[31:0]
    17/18: $0\tier_o[1:0]
    18/18: $0\valid_o[0:0]
Creating decoders for process `\suds_control_plane.$proc$experiments/hardware/suds_control_plane.v:92$15'.
Creating decoders for process `\suds_control_plane.$proc$experiments/hardware/suds_control_plane.v:77$7'.
     1/6: $3\tier_next[1:0]
     2/6: $3\overflow_next[0:0]
     3/6: $2\tier_next[1:0]
     4/6: $2\overflow_next[0:0]
     5/6: $1\overflow_next[0:0]
     6/6: $1\tier_next[1:0]

2.2.8. Executing PROC_DLATCH pass (convert process syncs to latches).
No latch inferred for signal `\suds_control_plane.\command_next' from process `\suds_control_plane.$proc$experiments/hardware/suds_control_plane.v:92$15'.
No latch inferred for signal `\suds_control_plane.\tier_next' from process `\suds_control_plane.$proc$experiments/hardware/suds_control_plane.v:77$7'.
No latch inferred for signal `\suds_control_plane.\overflow_next' from process `\suds_control_plane.$proc$experiments/hardware/suds_control_plane.v:77$7'.

2.2.9. Executing PROC_DFF pass (convert process syncs to FFs).
Creating register for signal `\suds_control_plane.\valid_o' using process `\suds_control_plane.$proc$experiments/hardware/suds_control_plane.v:102$16'.
  created $adff cell `$procdff$237' with positive edge clock and positive level reset.
Creating register for signal `\suds_control_plane.\tier_o' using process `\suds_control_plane.$proc$experiments/hardware/suds_control_plane.v:102$16'.
  created $adff cell `$procdff$242' with positive edge clock and positive level reset.
Creating register for signal `\suds_control_plane.\tile_cmd_o' using process `\suds_control_plane.$proc$experiments/hardware/suds_control_plane.v:102$16'.
  created $adff cell `$procdff$247' with positive edge clock and positive level reset.
Creating register for signal `\suds_control_plane.\overflow_o' using process `\suds_control_plane.$proc$experiments/hardware/suds_control_plane.v:102$16'.
  created $adff cell `$procdff$252' with positive edge clock and positive level reset.
Creating register for signal `\suds_control_plane.\state_o' using process `\suds_control_plane.$proc$experiments/hardware/suds_control_plane.v:102$16'.
  created $adff cell `$procdff$257' with positive edge clock and positive level reset.
Creating register for signal `\suds_control_plane.\tau_low_q' using process `\suds_control_plane.$proc$experiments/hardware/suds_control_plane.v:102$16'.
  created $adff cell `$procdff$262' with positive edge clock and positive level reset.
Creating register for signal `\suds_control_plane.\tau_high_q' using process `\suds_control_plane.$proc$experiments/hardware/suds_control_plane.v:102$16'.
  created $adff cell `$procdff$267' with positive edge clock and positive level reset.
Creating register for signal `\suds_control_plane.\keep_budget_q' using process `\suds_control_plane.$proc$experiments/hardware/suds_control_plane.v:102$16'.
  created $adff cell `$procdff$272' with positive edge clock and positive level reset.
Creating register for signal `\suds_control_plane.\degrade_budget_q' using process `\suds_control_plane.$proc$experiments/hardware/suds_control_plane.v:102$16'.
  created $adff cell `$procdff$277' with positive edge clock and positive level reset.
Creating register for signal `\suds_control_plane.\prune_budget_q' using process `\suds_control_plane.$proc$experiments/hardware/suds_control_plane.v:102$16'.
  created $adff cell `$procdff$282' with positive edge clock and positive level reset.
Creating register for signal `\suds_control_plane.\sideband_group_q' using process `\suds_control_plane.$proc$experiments/hardware/suds_control_plane.v:102$16'.
  created $adff cell `$procdff$287' with positive edge clock and positive level reset.
Creating register for signal `\suds_control_plane.\queue_limit_q' using process `\suds_control_plane.$proc$experiments/hardware/suds_control_plane.v:102$16'.
  created $adff cell `$procdff$292' with positive edge clock and positive level reset.
Creating register for signal `\suds_control_plane.\score_guard_q' using process `\suds_control_plane.$proc$experiments/hardware/suds_control_plane.v:102$16'.
  created $adff cell `$procdff$297' with positive edge clock and positive level reset.
Creating register for signal `\suds_control_plane.\kernel_id_q' using process `\suds_control_plane.$proc$experiments/hardware/suds_control_plane.v:102$16'.
  created $adff cell `$procdff$302' with positive edge clock and positive level reset.
Creating register for signal `\suds_control_plane.\slack_q' using process `\suds_control_plane.$proc$experiments/hardware/suds_control_plane.v:102$16'.
  created $adff cell `$procdff$307' with positive edge clock and positive level reset.
Creating register for signal `\suds_control_plane.\deadline_delta_q' using process `\suds_control_plane.$proc$experiments/hardware/suds_control_plane.v:102$16'.
  created $adff cell `$procdff$312' with positive edge clock and positive level reset.
Creating register for signal `\suds_control_plane.\queue_depth_q' using process `\suds_control_plane.$proc$experiments/hardware/suds_control_plane.v:102$16'.
  created $adff cell `$procdff$317' with positive edge clock and positive level reset.
Creating register for signal `\suds_control_plane.\selector_score_q' using process `\suds_control_plane.$proc$experiments/hardware/suds_control_plane.v:102$16'.
  created $adff cell `$procdff$322' with positive edge clock and positive level reset.

2.2.10. Executing PROC_MEMWR pass (convert process memory writes to cells).

2.2.11. Executing PROC_CLEAN pass (remove empty switches from decision trees).
Found and cleaned up 10 empty switches in `\suds_control_plane.$proc$experiments/hardware/suds_control_plane.v:102$16'.
Removing empty process `suds_control_plane.$proc$experiments/hardware/suds_control_plane.v:102$16'.
Removing empty process `suds_control_plane.$proc$experiments/hardware/suds_control_plane.v:92$15'.
Found and cleaned up 3 empty switches in `\suds_control_plane.$proc$experiments/hardware/suds_control_plane.v:77$7'.
Removing empty process `suds_control_plane.$proc$experiments/hardware/suds_control_plane.v:77$7'.
Cleaned up 13 empty switches.

2.2.12. Executing OPT_EXPR pass (perform const folding).
Optimizing module suds_control_plane.
<suppressed ~54 debug messages>

2.3. Executing OPT_EXPR pass (perform const folding).
Optimizing module suds_control_plane.

2.4. Executing OPT_CLEAN pass (remove unused cells and wires).
Finding unused cells or wires in module \suds_control_plane..
Removed 22 unused cells and 111 unused wires.
<suppressed ~23 debug messages>

2.5. Executing CHECK pass (checking for obvious problems).
Checking module suds_control_plane...
Found and reported 0 problems.

2.6. Executing OPT pass (performing simple optimizations).

2.6.1. Executing OPT_EXPR pass (perform const folding).
Optimizing module suds_control_plane.

2.6.2. Executing OPT_MERGE pass (detect identical cells).
Finding identical cells in module `\suds_control_plane'.
Computing hashes of 124 cells of `\suds_control_plane'.
Finding duplicate cells in `\suds_control_plane'.
Computing hashes of 106 cells of `\suds_control_plane'.
Finding duplicate cells in `\suds_control_plane'.
<suppressed ~54 debug messages>
Removed a total of 18 cells.

2.6.3. Executing OPT_MUXTREE pass (detect dead branches in mux trees).
Running muxtree optimizer on module \suds_control_plane..
  Creating internal representation of mux trees.
  Evaluating internal representation of mux trees.
  Analyzing evaluation results.
    dead port 1/2 on $mux $procmux$219.
    dead port 1/2 on $mux $procmux$213.
    dead port 1/2 on $mux $procmux$210.
    dead port 1/2 on $mux $procmux$204.
    dead port 1/2 on $mux $procmux$201.
    dead port 1/2 on $mux $procmux$225.
Removed 6 multiplexer ports.
<suppressed ~133 debug messages>

2.6.4. Executing OPT_REDUCE pass (consolidate $*mux and $reduce_* inputs).
  Optimizing cells in module \suds_control_plane.
    New ctrl vector for $pmux cell $procmux$90: $auto$opt_reduce.cc:135:opt_pmux$324
  Optimizing cells in module \suds_control_plane.
Performed a total of 1 changes.

2.6.5. Executing OPT_MERGE pass (detect identical cells).
Finding identical cells in module `\suds_control_plane'.
Computing hashes of 101 cells of `\suds_control_plane'.
Finding duplicate cells in `\suds_control_plane'.
Computing hashes of 100 cells of `\suds_control_plane'.
Finding duplicate cells in `\suds_control_plane'.
<suppressed ~3 debug messages>
Removed a total of 1 cells.

2.6.6. Executing OPT_DFF pass (perform DFF optimizations).

2.6.7. Executing OPT_CLEAN pass (remove unused cells and wires).
Finding unused cells or wires in module \suds_control_plane..
Removed 0 unused cells and 25 unused wires.
<suppressed ~1 debug messages>

2.6.8. Executing OPT_EXPR pass (perform const folding).
Optimizing module suds_control_plane.

2.6.9. Rerunning OPT passes. (Maybe there is more to do..)

2.6.10. Executing OPT_MUXTREE pass (detect dead branches in mux trees).
Running muxtree optimizer on module \suds_control_plane..
  Creating internal representation of mux trees.
  Evaluating internal representation of mux trees.
  Analyzing evaluation results.
Removed 0 multiplexer ports.
<suppressed ~113 debug messages>

2.6.11. Executing OPT_REDUCE pass (consolidate $*mux and $reduce_* inputs).
  Optimizing cells in module \suds_control_plane.
Performed a total of 0 changes.

2.6.12. Executing OPT_MERGE pass (detect identical cells).
Finding identical cells in module `\suds_control_plane'.
Computing hashes of 100 cells of `\suds_control_plane'.
Finding duplicate cells in `\suds_control_plane'.
Removed a total of 0 cells.

2.6.13. Executing OPT_DFF pass (perform DFF optimizations).

2.6.14. Executing OPT_CLEAN pass (remove unused cells and wires).
Finding unused cells or wires in module \suds_control_plane..

2.6.15. Executing OPT_EXPR pass (perform const folding).
Optimizing module suds_control_plane.

2.6.16. Finished fast OPT passes. (There is nothing left to do.)

2.7. Executing FSM pass (extract and optimize FSM).

2.7.1. Executing FSM_DETECT pass (finding FSMs in design).
Not marking suds_control_plane.state_o as FSM state register:
    Register is connected to module port.
    Users of register don't seem to benefit from recoding.
Not marking suds_control_plane.tier_o as FSM state register:
    Register is connected to module port.
    Users of register don't seem to benefit from recoding.

2.7.2. Executing FSM_EXTRACT pass (extracting FSM from design).

2.7.3. Executing FSM_OPT pass (simple optimizations of FSMs).

2.7.4. Executing OPT_CLEAN pass (remove unused cells and wires).
Finding unused cells or wires in module \suds_control_plane..

2.7.5. Executing FSM_OPT pass (simple optimizations of FSMs).

2.7.6. Executing FSM_RECODE pass (re-assigning FSM state encoding).

2.7.7. Executing FSM_INFO pass (dumping all available information on FSM cells).

2.7.8. Executing FSM_MAP pass (mapping FSMs to basic logic).

2.8. Executing OPT pass (performing simple optimizations).

2.8.1. Executing OPT_EXPR pass (perform const folding).
Optimizing module suds_control_plane.

2.8.2. Executing OPT_MERGE pass (detect identical cells).
Finding identical cells in module `\suds_control_plane'.
Computing hashes of 100 cells of `\suds_control_plane'.
Finding duplicate cells in `\suds_control_plane'.
Removed a total of 0 cells.

2.8.3. Executing OPT_MUXTREE pass (detect dead branches in mux trees).
Running muxtree optimizer on module \suds_control_plane..
  Creating internal representation of mux trees.
  Evaluating internal representation of mux trees.
  Analyzing evaluation results.
Removed 0 multiplexer ports.
<suppressed ~113 debug messages>

2.8.4. Executing OPT_REDUCE pass (consolidate $*mux and $reduce_* inputs).
  Optimizing cells in module \suds_control_plane.
Performed a total of 0 changes.

2.8.5. Executing OPT_MERGE pass (detect identical cells).
Finding identical cells in module `\suds_control_plane'.
Computing hashes of 100 cells of `\suds_control_plane'.
Finding duplicate cells in `\suds_control_plane'.
Removed a total of 0 cells.

2.8.6. Executing OPT_DFF pass (perform DFF optimizations).
Adding EN signal on $procdff$262 ($adff) from module suds_control_plane (D = \cfg_data_i [11:0], Q = \tau_low_q).
Adding EN signal on $procdff$302 ($adff) from module suds_control_plane (D = \kernel_id_i, Q = \kernel_id_q).
Adding EN signal on $procdff$257 ($adff) from module suds_control_plane (D = $0\state_o[1:0], Q = \state_o).
Adding EN signal on $procdff$237 ($adff) from module suds_control_plane (D = $0\valid_o[0:0], Q = \valid_o).
Adding EN signal on $procdff$287 ($adff) from module suds_control_plane (D = \cfg_data_i [7:0], Q = \sideband_group_q).
Adding EN signal on $procdff$312 ($adff) from module suds_control_plane (D = \deadline_delta_i, Q = \deadline_delta_q).
Adding EN signal on $procdff$242 ($adff) from module suds_control_plane (D = \tier_next, Q = \tier_o).
Adding EN signal on $procdff$267 ($adff) from module suds_control_plane (D = \cfg_data_i [11:0], Q = \tau_high_q).
Adding EN signal on $procdff$297 ($adff) from module suds_control_plane (D = \cfg_data_i [7:0], Q = \score_guard_q).
Adding EN signal on $procdff$247 ($adff) from module suds_control_plane (D = { \queue_pressure \overflow_next \deadline_delta_q \sideband_group_q \kernel_id_q \tier_next }, Q = \tile_cmd_o).
Adding EN signal on $procdff$307 ($adff) from module suds_control_plane (D = \slack_i, Q = \slack_q).
Adding EN signal on $procdff$292 ($adff) from module suds_control_plane (D = \cfg_data_i [5:0], Q = \queue_limit_q).
Adding EN signal on $procdff$252 ($adff) from module suds_control_plane (D = $0\overflow_o[0:0], Q = \overflow_o).
Adding EN signal on $procdff$317 ($adff) from module suds_control_plane (D = \queue_depth_i, Q = \queue_depth_q).
Adding EN signal on $procdff$322 ($adff) from module suds_control_plane (D = \selector_score_i, Q = \selector_score_q).

2.8.7. Executing OPT_CLEAN pass (remove unused cells and wires).
Finding unused cells or wires in module \suds_control_plane..
Removed 22 unused cells and 22 unused wires.
<suppressed ~23 debug messages>

2.8.8. Executing OPT_EXPR pass (perform const folding).
Optimizing module suds_control_plane.
<suppressed ~4 debug messages>

2.8.9. Rerunning OPT passes. (Maybe there is more to do..)

2.8.10. Executing OPT_MUXTREE pass (detect dead branches in mux trees).
Running muxtree optimizer on module \suds_control_plane..
  Creating internal representation of mux trees.
  Evaluating internal representation of mux trees.
  Analyzing evaluation results.
Removed 0 multiplexer ports.
<suppressed ~67 debug messages>

2.8.11. Executing OPT_REDUCE pass (consolidate $*mux and $reduce_* inputs).
  Optimizing cells in module \suds_control_plane.
Performed a total of 0 changes.

2.8.12. Executing OPT_MERGE pass (detect identical cells).
Finding identical cells in module `\suds_control_plane'.
Computing hashes of 93 cells of `\suds_control_plane'.
Finding duplicate cells in `\suds_control_plane'.
Computing hashes of 89 cells of `\suds_control_plane'.
Finding duplicate cells in `\suds_control_plane'.
<suppressed ~12 debug messages>
Removed a total of 4 cells.

2.8.13. Executing OPT_DFF pass (perform DFF optimizations).

2.8.14. Executing OPT_CLEAN pass (remove unused cells and wires).
Finding unused cells or wires in module \suds_control_plane..
Removed 1 unused cells and 5 unused wires.
<suppressed ~2 debug messages>

2.8.15. Executing OPT_EXPR pass (perform const folding).
Optimizing module suds_control_plane.

2.8.16. Rerunning OPT passes. (Maybe there is more to do..)

2.8.17. Executing OPT_MUXTREE pass (detect dead branches in mux trees).
Running muxtree optimizer on module \suds_control_plane..
  Creating internal representation of mux trees.
  Evaluating internal representation of mux trees.
  Analyzing evaluation results.
Removed 0 multiplexer ports.
<suppressed ~67 debug messages>

2.8.18. Executing OPT_REDUCE pass (consolidate $*mux and $reduce_* inputs).
  Optimizing cells in module \suds_control_plane.
Performed a total of 0 changes.

2.8.19. Executing OPT_MERGE pass (detect identical cells).
Finding identical cells in module `\suds_control_plane'.
Computing hashes of 88 cells of `\suds_control_plane'.
Finding duplicate cells in `\suds_control_plane'.
Removed a total of 0 cells.

2.8.20. Executing OPT_DFF pass (perform DFF optimizations).

2.8.21. Executing OPT_CLEAN pass (remove unused cells and wires).
Finding unused cells or wires in module \suds_control_plane..

2.8.22. Executing OPT_EXPR pass (perform const folding).
Optimizing module suds_control_plane.

2.8.23. Finished fast OPT passes. (There is nothing left to do.)

2.9. Executing WREDUCE pass (reducing word size of cells).
Removed top 15 bits (of 16) from port B of cell suds_control_plane.$sub$experiments/hardware/suds_control_plane.v:164$19 ($sub).
Removed top 15 bits (of 16) from port B of cell suds_control_plane.$sub$experiments/hardware/suds_control_plane.v:169$21 ($sub).
Removed top 15 bits (of 16) from port B of cell suds_control_plane.$sub$experiments/hardware/suds_control_plane.v:174$23 ($sub).
Removed top 1 bits (of 4) from port B of cell suds_control_plane.$procmux$61_CMP0 ($eq).
Removed top 1 bits (of 4) from port B of cell suds_control_plane.$procmux$67_CMP0 ($eq).
Removed top 1 bits (of 4) from port B of cell suds_control_plane.$procmux$74_CMP0 ($eq).
Removed top 1 bits (of 4) from port B of cell suds_control_plane.$procmux$82_CMP0 ($eq).
Removed top 2 bits (of 4) from port B of cell suds_control_plane.$procmux$103_CMP0 ($eq).
Removed top 1 bits (of 2) from port B of cell suds_control_plane.$procmux$112_CMP0 ($eq).
Removed top 2 bits (of 4) from port B of cell suds_control_plane.$procmux$124_CMP0 ($eq).
Removed top 3 bits (of 4) from port B of cell suds_control_plane.$procmux$147_CMP0 ($eq).
Removed top 1 bits (of 2) from port B of cell suds_control_plane.$procmux$195_CMP0 ($eq).

2.10. Executing PEEPOPT pass (run peephole optimizers).

2.11. Executing OPT_CLEAN pass (remove unused cells and wires).
Finding unused cells or wires in module \suds_control_plane..

2.12. Executing ALUMACC pass (create $alu and $macc cells).
Extracting $alu and $macc cells in module suds_control_plane:
  creating $macc model for $sub$experiments/hardware/suds_control_plane.v:174$23 ($sub).
  creating $macc model for $sub$experiments/hardware/suds_control_plane.v:169$21 ($sub).
  creating $macc model for $sub$experiments/hardware/suds_control_plane.v:164$19 ($sub).
  creating $alu model for $macc $sub$experiments/hardware/suds_control_plane.v:164$19.
  creating $alu model for $macc $sub$experiments/hardware/suds_control_plane.v:169$21.
  creating $alu model for $macc $sub$experiments/hardware/suds_control_plane.v:174$23.
  creating $alu model for $le$experiments/hardware/suds_control_plane.v:82$10 ($le): new $alu
  creating $alu model for $le$experiments/hardware/suds_control_plane.v:79$8 ($le): new $alu
  creating $alu model for $ge$experiments/hardware/suds_control_plane.v:72$5 ($ge): new $alu
  creating $alu model for $ge$experiments/hardware/suds_control_plane.v:71$4 ($ge): new $alu
  creating $alu cell for $ge$experiments/hardware/suds_control_plane.v:71$4: $auto$alumacc.cc:512:replace_alu$374
  creating $alu cell for $ge$experiments/hardware/suds_control_plane.v:72$5: $auto$alumacc.cc:512:replace_alu$387
  creating $alu cell for $le$experiments/hardware/suds_control_plane.v:79$8: $auto$alumacc.cc:512:replace_alu$400
  creating $alu cell for $le$experiments/hardware/suds_control_plane.v:82$10: $auto$alumacc.cc:512:replace_alu$409
  creating $alu cell for $sub$experiments/hardware/suds_control_plane.v:174$23: $auto$alumacc.cc:512:replace_alu$418
  creating $alu cell for $sub$experiments/hardware/suds_control_plane.v:169$21: $auto$alumacc.cc:512:replace_alu$421
  creating $alu cell for $sub$experiments/hardware/suds_control_plane.v:164$19: $auto$alumacc.cc:512:replace_alu$424
  created 7 $alu and 0 $macc cells.

2.13. Executing SHARE pass (SAT-based resource sharing).

2.14. Executing OPT pass (performing simple optimizations).

2.14.1. Executing OPT_EXPR pass (perform const folding).
Optimizing module suds_control_plane.

2.14.2. Executing OPT_MERGE pass (detect identical cells).
Finding identical cells in module `\suds_control_plane'.
Computing hashes of 104 cells of `\suds_control_plane'.
Finding duplicate cells in `\suds_control_plane'.
Removed a total of 0 cells.

2.14.3. Executing OPT_MUXTREE pass (detect dead branches in mux trees).
Running muxtree optimizer on module \suds_control_plane..
  Creating internal representation of mux trees.
  Evaluating internal representation of mux trees.
  Analyzing evaluation results.
Removed 0 multiplexer ports.
<suppressed ~67 debug messages>

2.14.4. Executing OPT_REDUCE pass (consolidate $*mux and $reduce_* inputs).
  Optimizing cells in module \suds_control_plane.
Performed a total of 0 changes.

2.14.5. Executing OPT_MERGE pass (detect identical cells).
Finding identical cells in module `\suds_control_plane'.
Computing hashes of 104 cells of `\suds_control_plane'.
Finding duplicate cells in `\suds_control_plane'.
Removed a total of 0 cells.

2.14.6. Executing OPT_DFF pass (perform DFF optimizations).

2.14.7. Executing OPT_CLEAN pass (remove unused cells and wires).
Finding unused cells or wires in module \suds_control_plane..
Removed 0 unused cells and 4 unused wires.
<suppressed ~1 debug messages>

2.14.8. Executing OPT_EXPR pass (perform const folding).
Optimizing module suds_control_plane.

2.14.9. Rerunning OPT passes. (Maybe there is more to do..)

2.14.10. Executing OPT_MUXTREE pass (detect dead branches in mux trees).
Running muxtree optimizer on module \suds_control_plane..
  Creating internal representation of mux trees.
  Evaluating internal representation of mux trees.
  Analyzing evaluation results.
Removed 0 multiplexer ports.
<suppressed ~67 debug messages>

2.14.11. Executing OPT_REDUCE pass (consolidate $*mux and $reduce_* inputs).
  Optimizing cells in module \suds_control_plane.
Performed a total of 0 changes.

2.14.12. Executing OPT_MERGE pass (detect identical cells).
Finding identical cells in module `\suds_control_plane'.
Computing hashes of 104 cells of `\suds_control_plane'.
Finding duplicate cells in `\suds_control_plane'.
Removed a total of 0 cells.

2.14.13. Executing OPT_DFF pass (perform DFF optimizations).

2.14.14. Executing OPT_CLEAN pass (remove unused cells and wires).
Finding unused cells or wires in module \suds_control_plane..

2.14.15. Executing OPT_EXPR pass (perform const folding).
Optimizing module suds_control_plane.

2.14.16. Finished fast OPT passes. (There is nothing left to do.)

2.15. Executing MEMORY pass.

2.15.1. Executing OPT_MEM pass (optimize memories).
Performed a total of 0 transformations.

2.15.2. Executing OPT_MEM_PRIORITY pass (removing unnecessary memory write priority relations).
Performed a total of 0 transformations.

2.15.3. Executing OPT_MEM_FEEDBACK pass (finding memory read-to-write feedback paths).

2.15.4. Executing MEMORY_BMUX2ROM pass (converting muxes to ROMs).

2.15.5. Executing MEMORY_DFF pass (merging $dff cells to $memrd).

2.15.6. Executing OPT_CLEAN pass (remove unused cells and wires).
Finding unused cells or wires in module \suds_control_plane..

2.15.7. Executing MEMORY_SHARE pass (consolidating $memrd/$memwr cells).

2.15.8. Executing OPT_MEM_WIDEN pass (optimize memories where all ports are wide).
Performed a total of 0 transformations.

2.15.9. Executing OPT_CLEAN pass (remove unused cells and wires).
Finding unused cells or wires in module \suds_control_plane..

2.15.10. Executing MEMORY_COLLECT pass (generating $mem cells).

2.16. Executing OPT_CLEAN pass (remove unused cells and wires).
Finding unused cells or wires in module \suds_control_plane..

2.17. Executing OPT pass (performing simple optimizations).

2.17.1. Executing OPT_EXPR pass (perform const folding).
Optimizing module suds_control_plane.
<suppressed ~7 debug messages>

2.17.2. Executing OPT_MERGE pass (detect identical cells).
Finding identical cells in module `\suds_control_plane'.
Computing hashes of 102 cells of `\suds_control_plane'.
Finding duplicate cells in `\suds_control_plane'.
Removed a total of 0 cells.

2.17.3. Executing OPT_DFF pass (perform DFF optimizations).

2.17.4. Executing OPT_CLEAN pass (remove unused cells and wires).
Finding unused cells or wires in module \suds_control_plane..
Removed 0 unused cells and 2 unused wires.
<suppressed ~1 debug messages>

2.17.5. Finished fast OPT passes.

2.18. Executing MEMORY_MAP pass (converting memories to logic and flip-flops).

2.19. Executing OPT pass (performing simple optimizations).

2.19.1. Executing OPT_EXPR pass (perform const folding).
Optimizing module suds_control_plane.

2.19.2. Executing OPT_MERGE pass (detect identical cells).
Finding identical cells in module `\suds_control_plane'.
Computing hashes of 102 cells of `\suds_control_plane'.
Finding duplicate cells in `\suds_control_plane'.
Removed a total of 0 cells.

2.19.3. Executing OPT_MUXTREE pass (detect dead branches in mux trees).
Running muxtree optimizer on module \suds_control_plane..
  Creating internal representation of mux trees.
  Evaluating internal representation of mux trees.
  Analyzing evaluation results.
Removed 0 multiplexer ports.
<suppressed ~60 debug messages>

2.19.4. Executing OPT_REDUCE pass (consolidate $*mux and $reduce_* inputs).
  Optimizing cells in module \suds_control_plane.
    Consolidated identical input bits for $mux cell $procmux$166:
      Old ports: A=2'11, B=2'00, Y=$procmux$166_Y
      New ports: A=1'1, B=1'0, Y=$procmux$166_Y [0]
      New connections: $procmux$166_Y [1] = $procmux$166_Y [0]
  Optimizing cells in module \suds_control_plane.
Performed a total of 1 changes.

2.19.5. Executing OPT_MERGE pass (detect identical cells).
Finding identical cells in module `\suds_control_plane'.
Computing hashes of 102 cells of `\suds_control_plane'.
Finding duplicate cells in `\suds_control_plane'.
Removed a total of 0 cells.

2.19.6. Executing OPT_SHARE pass.

2.19.7. Executing OPT_DFF pass (perform DFF optimizations).

2.19.8. Executing OPT_CLEAN pass (remove unused cells and wires).
Finding unused cells or wires in module \suds_control_plane..

2.19.9. Executing OPT_EXPR pass (perform const folding).
Optimizing module suds_control_plane.
<suppressed ~1 debug messages>

2.19.10. Rerunning OPT passes. (Maybe there is more to do..)

2.19.11. Executing OPT_MUXTREE pass (detect dead branches in mux trees).
Running muxtree optimizer on module \suds_control_plane..
  Creating internal representation of mux trees.
  Evaluating internal representation of mux trees.
  Analyzing evaluation results.
Removed 0 multiplexer ports.
<suppressed ~59 debug messages>

2.19.12. Executing OPT_REDUCE pass (consolidate $*mux and $reduce_* inputs).
  Optimizing cells in module \suds_control_plane.
Performed a total of 0 changes.

2.19.13. Executing OPT_MERGE pass (detect identical cells).
Finding identical cells in module `\suds_control_plane'.
Computing hashes of 102 cells of `\suds_control_plane'.
Finding duplicate cells in `\suds_control_plane'.
Computing hashes of 101 cells of `\suds_control_plane'.
Finding duplicate cells in `\suds_control_plane'.
<suppressed ~3 debug messages>
Removed a total of 1 cells.

2.19.14. Executing OPT_SHARE pass.

2.19.15. Executing OPT_DFF pass (perform DFF optimizations).

2.19.16. Executing OPT_CLEAN pass (remove unused cells and wires).
Finding unused cells or wires in module \suds_control_plane..
Removed 0 unused cells and 1 unused wires.
<suppressed ~1 debug messages>

2.19.17. Executing OPT_EXPR pass (perform const folding).
Optimizing module suds_control_plane.

2.19.18. Rerunning OPT passes. (Maybe there is more to do..)

2.19.19. Executing OPT_MUXTREE pass (detect dead branches in mux trees).
Running muxtree optimizer on module \suds_control_plane..
  Creating internal representation of mux trees.
  Evaluating internal representation of mux trees.
  Analyzing evaluation results.
Removed 0 multiplexer ports.
<suppressed ~59 debug messages>

2.19.20. Executing OPT_REDUCE pass (consolidate $*mux and $reduce_* inputs).
  Optimizing cells in module \suds_control_plane.
Performed a total of 0 changes.

2.19.21. Executing OPT_MERGE pass (detect identical cells).
Finding identical cells in module `\suds_control_plane'.
Computing hashes of 101 cells of `\suds_control_plane'.
Finding duplicate cells in `\suds_control_plane'.
Removed a total of 0 cells.

2.19.22. Executing OPT_SHARE pass.

2.19.23. Executing OPT_DFF pass (perform DFF optimizations).

2.19.24. Executing OPT_CLEAN pass (remove unused cells and wires).
Finding unused cells or wires in module \suds_control_plane..

2.19.25. Executing OPT_EXPR pass (perform const folding).
Optimizing module suds_control_plane.

2.19.26. Finished fast OPT passes. (There is nothing left to do.)

2.20. Executing TECHMAP pass (map to technology primitives).

2.20.1. Executing Verilog-2005 frontend: /opt/homebrew/bin/../share/yosys/techmap.v
Parsing Verilog input from `/opt/homebrew/bin/../share/yosys/techmap.v' to AST representation.
Generating RTLIL representation for module `\_90_simplemap_bool_ops'.
Generating RTLIL representation for module `\_90_simplemap_reduce_ops'.
Generating RTLIL representation for module `\_90_simplemap_logic_ops'.
Generating RTLIL representation for module `\_90_simplemap_compare_ops'.
Generating RTLIL representation for module `\_90_simplemap_various'.
Generating RTLIL representation for module `\_90_simplemap_registers'.
Generating RTLIL representation for module `\_90_shift_ops_shr_shl_sshl_sshr'.
Generating RTLIL representation for module `\_90_shift_shiftx'.
Generating RTLIL representation for module `\_90_fa'.
Generating RTLIL representation for module `\_90_lcu_brent_kung'.
Generating RTLIL representation for module `\_90_alu'.
Generating RTLIL representation for module `\_90_macc'.
Generating RTLIL representation for module `\_90_alumacc'.
Generating RTLIL representation for module `$__div_mod_u'.
Generating RTLIL representation for module `$__div_mod_trunc'.
Generating RTLIL representation for module `\_90_div'.
Generating RTLIL representation for module `\_90_mod'.
Generating RTLIL representation for module `$__div_mod_floor'.
Generating RTLIL representation for module `\_90_divfloor'.
Generating RTLIL representation for module `\_90_modfloor'.
Generating RTLIL representation for module `\_90_pow'.
Generating RTLIL representation for module `\_90_demux'.
Generating RTLIL representation for module `\_90_lut'.
Generating RTLIL representation for module `$connect'.
Generating RTLIL representation for module `$input_port'.
Successfully finished Verilog frontend.

2.20.2. Continuing TECHMAP pass.
Using template $paramod$a1665ef28c749ebcdbe9aecd466e644647b56463\_90_alu for cells of type $alu.
Using extmapper simplemap for cells of type $reduce_or.
Using extmapper simplemap for cells of type $reduce_and.
Using extmapper simplemap for cells of type $not.
Using template $paramod$ee3d784672cdb1cb32d9a801a3af776716f16b74\_90_alu for cells of type $alu.
Using extmapper simplemap for cells of type $or.
Using template $paramod$a1bc51c02ce12ac21eb18988e83292af48ed7d72\_90_alu for cells of type $alu.
Using template $paramod$00298f3f8094950cb9a5ff2fda48d0d8bde8806c\_90_alu for cells of type $alu.
Using extmapper simplemap for cells of type $adffe.
Using extmapper simplemap for cells of type $reduce_bool.
Using extmapper simplemap for cells of type $ne.
Using extmapper simplemap for cells of type $logic_not.
Using extmapper simplemap for cells of type $logic_or.
Using extmapper simplemap for cells of type $logic_and.
Using extmapper simplemap for cells of type $eq.
Using extmapper simplemap for cells of type $mux.
Using extmapper simplemap for cells of type $pmux.
Using extmapper simplemap for cells of type $and.
Using extmapper simplemap for cells of type $adff.
Using extmapper simplemap for cells of type $xor.
Using template $paramod\_90_fa\WIDTH=32'00000000000000000000000000010000 for cells of type $fa.
Using template $paramod\_90_lcu_brent_kung\WIDTH=32'00000000000000000000000000010000 for cells of type $lcu.
Using extmapper simplemap for cells of type $pos.
Using template $paramod\_90_fa\WIDTH=32'00000000000000000000000000001100 for cells of type $fa.
Using template $paramod\_90_lcu_brent_kung\WIDTH=32'00000000000000000000000000001100 for cells of type $lcu.
Using template $paramod\_90_fa\WIDTH=32'00000000000000000000000000001000 for cells of type $fa.
Using template $paramod\_90_lcu_brent_kung\WIDTH=32'00000000000000000000000000001000 for cells of type $lcu.
Using template $paramod\_90_fa\WIDTH=32'00000000000000000000000000000110 for cells of type $fa.
Using template $paramod\_90_lcu_brent_kung\WIDTH=32'00000000000000000000000000000110 for cells of type $lcu.
No more expansions possible.
<suppressed ~1183 debug messages>

2.21. Executing OPT pass (performing simple optimizations).

2.21.1. Executing OPT_EXPR pass (perform const folding).
Optimizing module suds_control_plane.
<suppressed ~736 debug messages>

2.21.2. Executing OPT_MERGE pass (detect identical cells).
Finding identical cells in module `\suds_control_plane'.
Computing hashes of 1220 cells of `\suds_control_plane'.
Finding duplicate cells in `\suds_control_plane'.
Computing hashes of 1186 cells of `\suds_control_plane'.
Finding duplicate cells in `\suds_control_plane'.
Computing hashes of 1175 cells of `\suds_control_plane'.
Finding duplicate cells in `\suds_control_plane'.
<suppressed ~135 debug messages>
Removed a total of 45 cells.

2.21.3. Executing OPT_DFF pass (perform DFF optimizations).

2.21.4. Executing OPT_CLEAN pass (remove unused cells and wires).
Finding unused cells or wires in module \suds_control_plane..
Removed 116 unused cells and 471 unused wires.
<suppressed ~119 debug messages>

2.21.5. Finished fast OPT passes.

2.22. Executing ABC pass (technology mapping using ABC).

2.22.1. Extracting gate netlist of module `\suds_control_plane' to `<abc-temp-dir>/input.blif'..

2.22.1.1. Executed ABC.
Extracted 883 gates and 1024 wires to a netlist network with 139 inputs and 66 outputs.
Running ABC script: <abc-temp-dir>/abc.script
ABC: ======== ABC command line "source <abc-temp-dir>/abc.script"
ABC: + read_blif <abc-temp-dir>/input.blif 
ABC: + read_library <abc-temp-dir>/stdcells.genlib 
ABC: + strash 
ABC: + &get -n 
ABC: + &fraig -x 
ABC: + &put 
ABC: + scorr 
ABC: Warning: The network is combinational (run "fraig" or "fraig_sweep").
ABC: + dc2 
ABC: + dretime 
ABC: + strash 
ABC: + &get -n 
ABC: + &dch -f 
ABC: + &nf 
ABC: + &put 
ABC: + write_blif <abc-temp-dir>/output.blif 

2.22.1.2. Re-integrating ABC results.
ABC RESULTS:               AND cells:       66
ABC RESULTS:            ANDNOT cells:       13
ABC RESULTS:               MUX cells:       94
ABC RESULTS:              NAND cells:       67
ABC RESULTS:               NOR cells:       11
ABC RESULTS:               NOT cells:        5
ABC RESULTS:                OR cells:       45
ABC RESULTS:             ORNOT cells:       74
ABC RESULTS:              XNOR cells:       46
ABC RESULTS:        internal signals:      819
ABC RESULTS:           input signals:      139
ABC RESULTS:          output signals:       66
Removing temp directory.
Removing global temp directory.

2.23. Executing OPT pass (performing simple optimizations).

2.23.1. Executing OPT_EXPR pass (perform const folding).
Optimizing module suds_control_plane.

2.23.2. Executing OPT_MERGE pass (detect identical cells).
Finding identical cells in module `\suds_control_plane'.
Computing hashes of 597 cells of `\suds_control_plane'.
Finding duplicate cells in `\suds_control_plane'.
Removed a total of 0 cells.

2.23.3. Executing OPT_DFF pass (perform DFF optimizations).

2.23.4. Executing OPT_CLEAN pass (remove unused cells and wires).
Finding unused cells or wires in module \suds_control_plane..
Removed 0 unused cells and 498 unused wires.
<suppressed ~3 debug messages>

2.23.5. Finished fast OPT passes.

2.24. Executing HIERARCHY pass (managing design hierarchy).
Attribute `top' found on module `suds_control_plane'. Setting top module to suds_control_plane.

2.24.1. Analyzing design hierarchy..
Top module:  \suds_control_plane

2.24.2. Analyzing design hierarchy..
Top module:  \suds_control_plane
Removed 0 unused modules.

2.25. Printing statistics.

=== suds_control_plane ===

        +----------Local Count, excluding submodules.
        | 
      406 wires
      703 wire bits
       36 public wires
      287 public wire bits
       19 ports
      111 port bits
      597 cells
       13   $_ANDNOT_
       66   $_AND_
        1   $_DFFE_PN0N_
      118   $_DFFE_PN0P_
        9   $_DFFE_PN1P_
       48   $_DFF_PN1_
       94   $_MUX_
       67   $_NAND_
       11   $_NOR_
        5   $_NOT_
       74   $_ORNOT_
       45   $_OR_
       46   $_XNOR_

2.26. Executing CHECK pass (checking for obvious problems).
Checking module suds_control_plane...
Found and reported 0 problems.

3. Printing statistics.

=== suds_control_plane ===

        +----------Local Count, excluding submodules.
        | 
      406 wires
      703 wire bits
       36 public wires
      287 public wire bits
       19 ports
      111 port bits
      597 cells
       13   $_ANDNOT_
       66   $_AND_
        1   $_DFFE_PN0N_
      118   $_DFFE_PN0P_
        9   $_DFFE_PN1P_
       48   $_DFF_PN1_
       94   $_MUX_
       67   $_NAND_
       11   $_NOR_
        5   $_NOT_
       74   $_ORNOT_
       45   $_OR_
       46   $_XNOR_

4. Executing Verilog backend.

4.1. Executing BMUXMAP pass.

4.2. Executing DEMUXMAP pass.
Dumping module `\suds_control_plane'.

5. Executing JSON backend.

End of script. Logfile hash: 9736d631cb, time: 0.17s, user: 0.08s, system: 0.01s, MEM: 26.11 MB peak
Yosys 0.65 (git sha1 aec814bdf3071f7e0fd0fbe43f7f711e99d01e24, clang++ 21.0.0 -fPIC -O3)
Time spent: 51% 1x abc (0 sec), 7% 23x opt_clean (0 sec), ...

